Started GET "/" for 127.0.0.1 at 2020-02-08 11:27:51 -0500
  [1m[35m (1.2ms)[0m  [1m[34mSELECT sqlite_version(*)[0m
  
ActiveRecord::PendingMigrationError (

Migrations are pending. To resolve this issue, run:

        rails db:migrate RAILS_ENV=development

):
  
activerecord (6.0.2.1) lib/active_record/migration.rb:587:in `check_pending!'
activerecord (6.0.2.1) lib/active_record/migration.rb:564:in `call'
actionpack (6.0.2.1) lib/action_dispatch/middleware/callbacks.rb:27:in `block in call'
activesupport (6.0.2.1) lib/active_support/callbacks.rb:101:in `run_callbacks'
actionpack (6.0.2.1) lib/action_dispatch/middleware/callbacks.rb:26:in `call'
actionpack (6.0.2.1) lib/action_dispatch/middleware/executor.rb:14:in `call'
actionpack (6.0.2.1) lib/action_dispatch/middleware/actionable_exceptions.rb:17:in `call'
actionpack (6.0.2.1) lib/action_dispatch/middleware/debug_exceptions.rb:32:in `call'
web-console (4.0.1) lib/web_console/middleware.rb:132:in `call_app'
web-console (4.0.1) lib/web_console/middleware.rb:28:in `block in call'
web-console (4.0.1) lib/web_console/middleware.rb:17:in `catch'
web-console (4.0.1) lib/web_console/middleware.rb:17:in `call'
actionpack (6.0.2.1) lib/action_dispatch/middleware/show_exceptions.rb:33:in `call'
railties (6.0.2.1) lib/rails/rack/logger.rb:38:in `call_app'
railties (6.0.2.1) lib/rails/rack/logger.rb:26:in `block in call'
activesupport (6.0.2.1) lib/active_support/tagged_logging.rb:80:in `block in tagged'
activesupport (6.0.2.1) lib/active_support/tagged_logging.rb:28:in `tagged'
activesupport (6.0.2.1) lib/active_support/tagged_logging.rb:80:in `tagged'
railties (6.0.2.1) lib/rails/rack/logger.rb:26:in `call'
sprockets-rails (3.2.1) lib/sprockets/rails/quiet_assets.rb:13:in `call'
actionpack (6.0.2.1) lib/action_dispatch/middleware/remote_ip.rb:81:in `call'
actionpack (6.0.2.1) lib/action_dispatch/middleware/request_id.rb:27:in `call'
rack (2.1.2) lib/rack/method_override.rb:24:in `call'
rack (2.1.2) lib/rack/runtime.rb:24:in `call'
activesupport (6.0.2.1) lib/active_support/cache/strategy/local_cache_middleware.rb:29:in `call'
actionpack (6.0.2.1) lib/action_dispatch/middleware/executor.rb:14:in `call'
actionpack (6.0.2.1) lib/action_dispatch/middleware/static.rb:126:in `call'
rack (2.1.2) lib/rack/sendfile.rb:113:in `call'
actionpack (6.0.2.1) lib/action_dispatch/middleware/host_authorization.rb:83:in `call'
railties (6.0.2.1) lib/rails/engine.rb:526:in `call'
puma (4.3.1) lib/puma/configuration.rb:228:in `call'
puma (4.3.1) lib/puma/server.rb:681:in `handle_request'
puma (4.3.1) lib/puma/server.rb:472:in `process_client'
puma (4.3.1) lib/puma/server.rb:328:in `block in run'
puma (4.3.1) lib/puma/thread_pool.rb:134:in `block in spawn_thread'
  [1m[35m (0.3ms)[0m  [1m[34mSELECT sqlite_version(*)[0m
  [1m[35m (17.9ms)[0m  [1m[35mCREATE TABLE "schema_migrations" ("version" varchar NOT NULL PRIMARY KEY)[0m
  [1m[35m (14.2ms)[0m  [1m[35mCREATE TABLE "ar_internal_metadata" ("key" varchar NOT NULL PRIMARY KEY, "value" varchar, "created_at" datetime(6) NOT NULL, "updated_at" datetime(6) NOT NULL)[0m
  [1m[35m (0.2ms)[0m  [1m[34mSELECT "schema_migrations"."version" FROM "schema_migrations" ORDER BY "schema_migrations"."version" ASC[0m
Migrating to CreateTopics (20200207032537)
  [1m[35m (0.1ms)[0m  [1m[36mbegin transaction[0m
  [1m[35m (0.3ms)[0m  [1m[35mCREATE TABLE "topics" ("id" integer PRIMARY KEY AUTOINCREMENT NOT NULL, "title" varchar, "content" varchar, "user_id" integer, "group_id" integer, "created_at" datetime(6) NOT NULL, "updated_at" datetime(6) NOT NULL)[0m
  [1m[36mprimary::SchemaMigration Create (0.2ms)[0m  [1m[32mINSERT INTO "schema_migrations" ("version") VALUES (?)[0m  [["version", "20200207032537"]]
  [1m[35m (11.6ms)[0m  [1m[36mcommit transaction[0m
Migrating to CreateGroups (20200207041914)
  [1m[35m (0.1ms)[0m  [1m[36mbegin transaction[0m
  [1m[35m (0.3ms)[0m  [1m[35mCREATE TABLE "groups" ("id" integer PRIMARY KEY AUTOINCREMENT NOT NULL, "name" varchar, "created_at" datetime(6) NOT NULL, "updated_at" datetime(6) NOT NULL)[0m
  [1m[36mprimary::SchemaMigration Create (0.1ms)[0m  [1m[32mINSERT INTO "schema_migrations" ("version") VALUES (?)[0m  [["version", "20200207041914"]]
  [1m[35m (10.1ms)[0m  [1m[36mcommit transaction[0m
Migrating to CreateUsers (20200207071115)
  [1m[35m (0.2ms)[0m  [1m[36mbegin transaction[0m
  [1m[35m (0.7ms)[0m  [1m[35mCREATE TABLE "users" ("id" integer PRIMARY KEY AUTOINCREMENT NOT NULL, "username" varchar, "password_digest" varchar, "created_at" datetime(6) NOT NULL, "updated_at" datetime(6) NOT NULL)[0m
  [1m[36mprimary::SchemaMigration Create (0.3ms)[0m  [1m[32mINSERT INTO "schema_migrations" ("version") VALUES (?)[0m  [["version", "20200207071115"]]
  [1m[35m (9.7ms)[0m  [1m[36mcommit transaction[0m
Migrating to CreateComments (20200207224633)
  [1m[35m (0.2ms)[0m  [1m[36mbegin transaction[0m
  [1m[35m (0.4ms)[0m  [1m[35mCREATE TABLE "comments" ("id" integer PRIMARY KEY AUTOINCREMENT NOT NULL, "content" varchar, "user_id" integer, "topic_id" integer)[0m
  [1m[36mprimary::SchemaMigration Create (0.2ms)[0m  [1m[32mINSERT INTO "schema_migrations" ("version") VALUES (?)[0m  [["version", "20200207224633"]]
  [1m[35m (9.9ms)[0m  [1m[36mcommit transaction[0m
  [1m[36mActiveRecord::InternalMetadata Load (0.4ms)[0m  [1m[34mSELECT "ar_internal_metadata".* FROM "ar_internal_metadata" WHERE "ar_internal_metadata"."key" = ? LIMIT ?[0m  [["key", "environment"], ["LIMIT", 1]]
  [1m[35m (0.1ms)[0m  [1m[36mbegin transaction[0m
  [1m[36mActiveRecord::InternalMetadata Create (0.3ms)[0m  [1m[32mINSERT INTO "ar_internal_metadata" ("key", "value", "created_at", "updated_at") VALUES (?, ?, ?, ?)[0m  [["key", "environment"], ["value", "development"], ["created_at", "2020-02-08 16:28:07.062324"], ["updated_at", "2020-02-08 16:28:07.062324"]]
  [1m[35m (11.0ms)[0m  [1m[36mcommit transaction[0m
  [1m[35m (0.1ms)[0m  [1m[34mSELECT sqlite_version(*)[0m
  [1m[35m (0.1ms)[0m  [1m[34mSELECT "schema_migrations"."version" FROM "schema_migrations" ORDER BY "schema_migrations"."version" ASC[0m
Started GET "/" for 127.0.0.1 at 2020-02-08 11:28:11 -0500
  [1m[35m (0.6ms)[0m  [1m[34mSELECT sqlite_version(*)[0m
  [1m[35m (0.1ms)[0m  [1m[34mSELECT "schema_migrations"."version" FROM "schema_migrations" ORDER BY "schema_migrations"."version" ASC[0m
Processing by TopicsController#index as HTML
  Rendering topics/index.html.erb within layouts/application
  [1m[36mTopic Load (0.1ms)[0m  [1m[34mSELECT "topics".* FROM "topics"[0m
  ↳ app/views/topics/_topics_preview.html.erb:1
  Rendered topics/_topics_preview.html.erb (Duration: 1.8ms | Allocations: 1137)
  Rendered topics/index.html.erb within layouts/application (Duration: 2.7ms | Allocations: 1619)
Completed 200 OK in 76ms (Views: 63.1ms | ActiveRecord: 0.3ms | Allocations: 27551)


Started GET "/groups" for 127.0.0.1 at 2020-02-08 11:28:15 -0500
Processing by GroupsController#index as HTML
  Rendering groups/index.html.erb within layouts/application
  [1m[36mGroup Load (0.4ms)[0m  [1m[34mSELECT "groups".* FROM "groups"[0m
  ↳ app/views/groups/index.html.erb:2
  Rendered groups/index.html.erb within layouts/application (Duration: 4.8ms | Allocations: 943)
Completed 200 OK in 21ms (Views: 11.2ms | ActiveRecord: 1.0ms | Allocations: 4169)


Started GET "/login" for 127.0.0.1 at 2020-02-08 11:28:17 -0500
Processing by SessionsController#new as HTML
  Rendering sessions/new.html.erb within layouts/application
  Rendered sessions/new.html.erb within layouts/application (Duration: 10.9ms | Allocations: 6176)
Completed 200 OK in 15ms (Views: 14.0ms | ActiveRecord: 0.0ms | Allocations: 8626)


Started GET "/signup" for 127.0.0.1 at 2020-02-08 11:28:19 -0500
  
AbstractController::ActionNotFound (The action 'new' could not be found for UsersController):
  
actionpack (6.0.2.1) lib/abstract_controller/base.rb:131:in `process'
actionview (6.0.2.1) lib/action_view/rendering.rb:39:in `process'
actionpack (6.0.2.1) lib/action_controller/metal.rb:191:in `dispatch'
actionpack (6.0.2.1) lib/action_controller/metal.rb:252:in `dispatch'
actionpack (6.0.2.1) lib/action_dispatch/routing/route_set.rb:51:in `dispatch'
actionpack (6.0.2.1) lib/action_dispatch/routing/route_set.rb:33:in `serve'
actionpack (6.0.2.1) lib/action_dispatch/journey/router.rb:49:in `block in serve'
actionpack (6.0.2.1) lib/action_dispatch/journey/router.rb:32:in `each'
actionpack (6.0.2.1) lib/action_dispatch/journey/router.rb:32:in `serve'
actionpack (6.0.2.1) lib/action_dispatch/routing/route_set.rb:837:in `call'
rack (2.1.2) lib/rack/tempfile_reaper.rb:17:in `call'
rack (2.1.2) lib/rack/etag.rb:27:in `call'
rack (2.1.2) lib/rack/conditional_get.rb:27:in `call'
rack (2.1.2) lib/rack/head.rb:14:in `call'
actionpack (6.0.2.1) lib/action_dispatch/http/content_security_policy.rb:18:in `call'
rack (2.1.2) lib/rack/session/abstract/id.rb:269:in `context'
rack (2.1.2) lib/rack/session/abstract/id.rb:263:in `call'
actionpack (6.0.2.1) lib/action_dispatch/middleware/cookies.rb:648:in `call'
activerecord (6.0.2.1) lib/active_record/migration.rb:567:in `call'
actionpack (6.0.2.1) lib/action_dispatch/middleware/callbacks.rb:27:in `block in call'
activesupport (6.0.2.1) lib/active_support/callbacks.rb:101:in `run_callbacks'
actionpack (6.0.2.1) lib/action_dispatch/middleware/callbacks.rb:26:in `call'
actionpack (6.0.2.1) lib/action_dispatch/middleware/executor.rb:14:in `call'
actionpack (6.0.2.1) lib/action_dispatch/middleware/actionable_exceptions.rb:17:in `call'
actionpack (6.0.2.1) lib/action_dispatch/middleware/debug_exceptions.rb:32:in `call'
web-console (4.0.1) lib/web_console/middleware.rb:132:in `call_app'
web-console (4.0.1) lib/web_console/middleware.rb:28:in `block in call'
web-console (4.0.1) lib/web_console/middleware.rb:17:in `catch'
web-console (4.0.1) lib/web_console/middleware.rb:17:in `call'
actionpack (6.0.2.1) lib/action_dispatch/middleware/show_exceptions.rb:33:in `call'
railties (6.0.2.1) lib/rails/rack/logger.rb:38:in `call_app'
railties (6.0.2.1) lib/rails/rack/logger.rb:26:in `block in call'
activesupport (6.0.2.1) lib/active_support/tagged_logging.rb:80:in `block in tagged'
activesupport (6.0.2.1) lib/active_support/tagged_logging.rb:28:in `tagged'
activesupport (6.0.2.1) lib/active_support/tagged_logging.rb:80:in `tagged'
railties (6.0.2.1) lib/rails/rack/logger.rb:26:in `call'
sprockets-rails (3.2.1) lib/sprockets/rails/quiet_assets.rb:13:in `call'
actionpack (6.0.2.1) lib/action_dispatch/middleware/remote_ip.rb:81:in `call'
actionpack (6.0.2.1) lib/action_dispatch/middleware/request_id.rb:27:in `call'
rack (2.1.2) lib/rack/method_override.rb:24:in `call'
rack (2.1.2) lib/rack/runtime.rb:24:in `call'
activesupport (6.0.2.1) lib/active_support/cache/strategy/local_cache_middleware.rb:29:in `call'
actionpack (6.0.2.1) lib/action_dispatch/middleware/executor.rb:14:in `call'
actionpack (6.0.2.1) lib/action_dispatch/middleware/static.rb:126:in `call'
rack (2.1.2) lib/rack/sendfile.rb:113:in `call'
actionpack (6.0.2.1) lib/action_dispatch/middleware/host_authorization.rb:83:in `call'
railties (6.0.2.1) lib/rails/engine.rb:526:in `call'
puma (4.3.1) lib/puma/configuration.rb:228:in `call'
puma (4.3.1) lib/puma/server.rb:681:in `handle_request'
puma (4.3.1) lib/puma/server.rb:472:in `process_client'
puma (4.3.1) lib/puma/server.rb:328:in `block in run'
puma (4.3.1) lib/puma/thread_pool.rb:134:in `block in spawn_thread'
Started GET "/" for ::1 at 2020-02-08 14:34:54 -0500
  [1m[35m (2.8ms)[0m  [1m[34mSELECT sqlite_version(*)[0m
  [1m[35m (0.3ms)[0m  [1m[34mSELECT "schema_migrations"."version" FROM "schema_migrations" ORDER BY "schema_migrations"."version" ASC[0m
Processing by TopicsController#index as HTML
  Rendering topics/index.html.erb within layouts/application
  [1m[36mTopic Load (0.5ms)[0m  [1m[34mSELECT "topics".* FROM "topics"[0m
  ↳ app/views/topics/_topics_preview.html.erb:1
  Rendered topics/_topics_preview.html.erb (Duration: 3.8ms | Allocations: 1137)
  Rendered topics/index.html.erb within layouts/application (Duration: 6.4ms | Allocations: 1782)
Completed 200 OK in 67ms (Views: 43.0ms | ActiveRecord: 0.9ms | Allocations: 11615)


Started GET "/" for ::1 at 2020-02-08 14:34:55 -0500
Processing by TopicsController#index as HTML
  Rendering topics/index.html.erb within layouts/application
  [1m[36mTopic Load (0.4ms)[0m  [1m[34mSELECT "topics".* FROM "topics"[0m
  ↳ app/views/topics/_topics_preview.html.erb:1
  Rendered topics/_topics_preview.html.erb (Duration: 4.5ms | Allocations: 585)
  Rendered topics/index.html.erb within layouts/application (Duration: 5.4ms | Allocations: 659)
Completed 200 OK in 16ms (Views: 12.7ms | ActiveRecord: 0.4ms | Allocations: 2531)


Started GET "/" for ::1 at 2020-02-08 14:34:56 -0500
Processing by TopicsController#index as HTML
  Rendering topics/index.html.erb within layouts/application
  [1m[36mTopic Load (2.1ms)[0m  [1m[34mSELECT "topics".* FROM "topics"[0m
  ↳ app/views/topics/_topics_preview.html.erb:1
  Rendered topics/_topics_preview.html.erb (Duration: 5.2ms | Allocations: 585)
  Rendered topics/index.html.erb within layouts/application (Duration: 5.7ms | Allocations: 659)
Completed 200 OK in 17ms (Views: 12.4ms | ActiveRecord: 2.1ms | Allocations: 2534)


  [1m[35m (1.1ms)[0m  [1m[34mSELECT sqlite_version(*)[0m
  [1m[35m (0.2ms)[0m  [1m[36mbegin transaction[0m
  [1m[36mGroup Create (2.4ms)[0m  [1m[32mINSERT INTO "groups" ("name", "created_at", "updated_at") VALUES (?, ?, ?)[0m  [["name", "testgroup1"], ["created_at", "2020-02-08 19:35:23.973339"], ["updated_at", "2020-02-08 19:35:23.973339"]]
  [1m[35m (10.6ms)[0m  [1m[36mcommit transaction[0m
Started GET "/groups" for ::1 at 2020-02-08 14:35:27 -0500
Processing by GroupsController#index as HTML
  Rendering groups/index.html.erb within layouts/application
  [1m[36mGroup Load (0.5ms)[0m  [1m[34mSELECT "groups".* FROM "groups"[0m
  ↳ app/views/groups/index.html.erb:2
  Rendered groups/index.html.erb within layouts/application (Duration: 26.1ms | Allocations: 3467)
Completed 200 OK in 49ms (Views: 40.2ms | ActiveRecord: 2.1ms | Allocations: 6636)


  [1m[35m (0.2ms)[0m  [1m[36mbegin transaction[0m
  [1m[36mGroup Create (0.6ms)[0m  [1m[32mINSERT INTO "groups" ("name", "created_at", "updated_at") VALUES (?, ?, ?)[0m  [["name", "testgroup2"], ["created_at", "2020-02-08 19:35:31.909209"], ["updated_at", "2020-02-08 19:35:31.909209"]]
  [1m[35m (10.9ms)[0m  [1m[36mcommit transaction[0m
  [1m[35m (0.1ms)[0m  [1m[36mbegin transaction[0m
  [1m[36mGroup Create (0.7ms)[0m  [1m[32mINSERT INTO "groups" ("name", "created_at", "updated_at") VALUES (?, ?, ?)[0m  [["name", "testgroup3"], ["created_at", "2020-02-08 19:35:34.137018"], ["updated_at", "2020-02-08 19:35:34.137018"]]
  [1m[35m (8.7ms)[0m  [1m[36mcommit transaction[0m
DEPRECATION WARNING: SourceAnnotationExtractor is deprecated! Use Rails::SourceAnnotationExtractor instead. (called from <main> at /home/clone/projects/group-discuss/bin/rails:9)
DEPRECATION WARNING: SourceAnnotationExtractor is deprecated! Use Rails::SourceAnnotationExtractor instead. (called from <main> at /home/clone/projects/group-discuss/bin/rails:9)
  [1m[35m (0.1ms)[0m  [1m[36mbegin transaction[0m
  [1m[36mUser Create (0.3ms)[0m  [1m[32mINSERT INTO "users" ("username", "password_digest", "created_at", "updated_at") VALUES (?, ?, ?, ?)[0m  [["username", "test"], ["password_digest", "$2a$12$QLze2Td63lLPQ5.IaZaGLO3acR6fkjVxAsnOtwthf3zOYrA0iOsFu"], ["created_at", "2020-02-08 19:36:20.987466"], ["updated_at", "2020-02-08 19:36:20.987466"]]
  [1m[35m (12.1ms)[0m  [1m[36mcommit transaction[0m
Started GET "/login" for ::1 at 2020-02-08 14:36:25 -0500
Processing by SessionsController#new as HTML
  Rendering sessions/new.html.erb within layouts/application
  Rendered sessions/new.html.erb within layouts/application (Duration: 55.9ms | Allocations: 6128)
Completed 200 OK in 106ms (Views: 103.4ms | ActiveRecord: 0.0ms | Allocations: 8560)


Started POST "/login" for ::1 at 2020-02-08 14:36:28 -0500
Processing by SessionsController#create as HTML
  Parameters: {"authenticity_token"=>"RXa7CuKrHU7L2Z47aqKuG0EbjfMha75hdpBxiKOmv2VxyGEiNdMFyJnkhqC3w0epRfivU1/HhzoXIH1bW/o43A==", "username"=>"test", "password"=>"[FILTERED]", "commit"=>"sign in"}
  [1m[36mUser Load (0.6ms)[0m  [1m[34mSELECT "users".* FROM "users" WHERE "users"."username" = ? LIMIT ?[0m  [["username", "test"], ["LIMIT", 1]]
  ↳ app/controllers/sessions_controller.rb:6:in `create'
Redirected to http://localhost:3000/
Completed 302 Found in 402ms (ActiveRecord: 2.4ms | Allocations: 6142)


Started GET "/" for ::1 at 2020-02-08 14:36:29 -0500
Processing by TopicsController#index as HTML
  Rendering topics/index.html.erb within layouts/application
  [1m[36mUser Load (0.3ms)[0m  [1m[34mSELECT "users".* FROM "users" WHERE "users"."id" = ? LIMIT ?[0m  [["id", 1], ["LIMIT", 1]]
  ↳ app/controllers/application_controller.rb:9:in `current_user'
  [1m[36mTopic Load (0.1ms)[0m  [1m[34mSELECT "topics".* FROM "topics"[0m
  ↳ app/views/topics/_topics_preview.html.erb:1
  Rendered topics/_topics_preview.html.erb (Duration: 1.0ms | Allocations: 576)
  Rendered topics/index.html.erb within layouts/application (Duration: 3.0ms | Allocations: 1305)
Completed 200 OK in 7ms (Views: 5.9ms | ActiveRecord: 0.3ms | Allocations: 3296)


Started GET "/groups" for ::1 at 2020-02-08 14:36:33 -0500
Processing by GroupsController#index as HTML
  Rendering groups/index.html.erb within layouts/application
  [1m[36mGroup Load (0.4ms)[0m  [1m[34mSELECT "groups".* FROM "groups"[0m
  ↳ app/views/groups/index.html.erb:2
  Rendered groups/index.html.erb within layouts/application (Duration: 3.8ms | Allocations: 690)
Completed 200 OK in 12ms (Views: 10.0ms | ActiveRecord: 0.4ms | Allocations: 2684)


Started GET "/groups/1" for ::1 at 2020-02-08 14:36:34 -0500
Processing by GroupsController#show as HTML
  Parameters: {"id"=>"1"}
  [1m[36mGroup Load (0.6ms)[0m  [1m[34mSELECT "groups".* FROM "groups" WHERE "groups"."id" = ? LIMIT ?[0m  [["id", 1], ["LIMIT", 1]]
  ↳ app/controllers/groups_controller.rb:7:in `show'
  Rendering groups/show.html.erb within layouts/application
  [1m[36mTopic Load (0.5ms)[0m  [1m[34mSELECT "topics".* FROM "topics" WHERE "topics"."group_id" = ?[0m  [["group_id", 1]]
  ↳ app/views/topics/_topics_preview.html.erb:1
  Rendered topics/_topics_preview.html.erb (Duration: 11.8ms | Allocations: 1789)
  Rendered groups/show.html.erb within layouts/application (Duration: 14.4ms | Allocations: 2061)
Completed 200 OK in 54ms (Views: 21.0ms | ActiveRecord: 1.1ms | Allocations: 8402)


Started GET "/groups/1/topics/new" for ::1 at 2020-02-08 14:36:35 -0500
Processing by TopicsController#new as HTML
  Parameters: {"group_id"=>"1"}
  [1m[36mGroup Load (0.4ms)[0m  [1m[34mSELECT "groups".* FROM "groups" WHERE "groups"."id" = ? LIMIT ?[0m  [["id", 1], ["LIMIT", 1]]
  ↳ app/controllers/topics_controller.rb:13:in `new'
  Rendering topics/new.html.erb within layouts/application
  Rendered topics/_form.html.erb (Duration: 11.1ms | Allocations: 1524)
  Rendered topics/new.html.erb within layouts/application (Duration: 13.7ms | Allocations: 1847)
Completed 200 OK in 43ms (Views: 20.9ms | ActiveRecord: 1.4ms | Allocations: 8520)


Started POST "/groups/1/topics" for ::1 at 2020-02-08 14:36:41 -0500
Processing by TopicsController#create as HTML
  Parameters: {"authenticity_token"=>"MWBsb+NG7lJyA7sI0r+lfcVL5iB2877dW8QfMppd8IYRZuPHw5PC/pD7vDC2UZQhEj4FSfFYZy6mMulK/VimaQ==", "topic"=>{"group_id"=>"1", "user_id"=>"1", "title"=>"Topic1", "content"=>"topic content"}, "commit"=>"Submit Post", "group_id"=>"1"}
  [1m[35m (0.2ms)[0m  [1m[36mbegin transaction[0m
  ↳ app/controllers/topics_controller.rb:18:in `create'
  [1m[36mGroup Load (0.3ms)[0m  [1m[34mSELECT "groups".* FROM "groups" WHERE "groups"."id" = ? LIMIT ?[0m  [["id", 1], ["LIMIT", 1]]
  ↳ app/controllers/topics_controller.rb:18:in `create'
  [1m[36mUser Load (0.2ms)[0m  [1m[34mSELECT "users".* FROM "users" WHERE "users"."id" = ? LIMIT ?[0m  [["id", 1], ["LIMIT", 1]]
  ↳ app/controllers/topics_controller.rb:18:in `create'
  [1m[36mTopic Create (0.8ms)[0m  [1m[32mINSERT INTO "topics" ("title", "content", "user_id", "group_id", "created_at", "updated_at") VALUES (?, ?, ?, ?, ?, ?)[0m  [["title", "Topic1"], ["content", "topic content"], ["user_id", 1], ["group_id", 1], ["created_at", "2020-02-08 19:36:41.156247"], ["updated_at", "2020-02-08 19:36:41.156247"]]
  ↳ app/controllers/topics_controller.rb:18:in `create'
  [1m[35m (12.9ms)[0m  [1m[36mcommit transaction[0m
  ↳ app/controllers/topics_controller.rb:18:in `create'
Redirected to http://localhost:3000/
Completed 302 Found in 49ms (ActiveRecord: 14.3ms | Allocations: 7838)


Started GET "/" for ::1 at 2020-02-08 14:36:41 -0500
Processing by TopicsController#index as HTML
  Rendering topics/index.html.erb within layouts/application
  [1m[36mUser Load (0.3ms)[0m  [1m[34mSELECT "users".* FROM "users" WHERE "users"."id" = ? LIMIT ?[0m  [["id", 1], ["LIMIT", 1]]
  ↳ app/controllers/application_controller.rb:9:in `current_user'
  [1m[36mTopic Load (0.2ms)[0m  [1m[34mSELECT "topics".* FROM "topics"[0m
  ↳ app/views/topics/_topics_preview.html.erb:1
  [1m[36mGroup Load (0.3ms)[0m  [1m[34mSELECT "groups".* FROM "groups" WHERE "groups"."id" = ? LIMIT ?[0m  [["id", 1], ["LIMIT", 1]]
  ↳ app/views/topics/_topic_preview.html.erb:2
  [1m[36mCACHE User Load (0.0ms)[0m  [1m[34mSELECT "users".* FROM "users" WHERE "users"."id" = ? LIMIT ?[0m  [["id", 1], ["LIMIT", 1]]
  ↳ app/views/topics/_topic_preview.html.erb:6
  Rendered topics/_topic_preview.html.erb (Duration: 8.5ms | Allocations: 1655)
  Rendered topics/_topics_preview.html.erb (Duration: 12.1ms | Allocations: 2458)
  Rendered topics/index.html.erb within layouts/application (Duration: 15.0ms | Allocations: 3065)
Completed 200 OK in 23ms (Views: 20.5ms | ActiveRecord: 0.9ms | Allocations: 5052)


Started GET "/groups/1/topics/1" for ::1 at 2020-02-08 14:36:45 -0500
Processing by TopicsController#show as HTML
  Parameters: {"group_id"=>"1", "id"=>"1"}
  [1m[36mTopic Load (0.5ms)[0m  [1m[34mSELECT "topics".* FROM "topics" WHERE "topics"."id" = ? LIMIT ?[0m  [["id", 1], ["LIMIT", 1]]
  ↳ app/controllers/topics_controller.rb:7:in `show'
  [1m[36mGroup Load (0.3ms)[0m  [1m[34mSELECT "groups".* FROM "groups" WHERE "groups"."id" = ? LIMIT ?[0m  [["id", 1], ["LIMIT", 1]]
  ↳ app/controllers/topics_controller.rb:8:in `show'
  Rendering topics/show.html.erb within layouts/application
  [1m[36mUser Load (0.3ms)[0m  [1m[34mSELECT "users".* FROM "users" WHERE "users"."id" = ? LIMIT ?[0m  [["id", 1], ["LIMIT", 1]]
  ↳ app/views/topics/show.html.erb:6
  Rendered comments/_form.html.erb (Duration: 4.5ms | Allocations: 730)
  [1m[36mComment Load (0.4ms)[0m  [1m[34mSELECT "comments".* FROM "comments" WHERE "comments"."topic_id" = ?[0m  [["topic_id", 1]]
  ↳ app/views/topics/show.html.erb:10
  [1m[36mCACHE User Load (0.1ms)[0m  [1m[34mSELECT "users".* FROM "users" WHERE "users"."id" = ? LIMIT ?[0m  [["id", 1], ["LIMIT", 1]]
  ↳ app/views/comments/_comment.html.erb:4
  Rendered comments/_comment.html.erb (Duration: 7.3ms | Allocations: 1544)
  Rendered topics/show.html.erb within layouts/application (Duration: 24.2ms | Allocations: 4400)
Completed 200 OK in 78ms (Views: 29.5ms | ActiveRecord: 2.9ms | Allocations: 11874)


Started GET "/signup" for ::1 at 2020-02-08 14:37:47 -0500
  [1m[35m (0.2ms)[0m  [1m[34mSELECT sqlite_version(*)[0m
Processing by UsersController#new as HTML
  Rendering users/new.html.erb within layouts/application
  Rendered users/new.html.erb within layouts/application (Duration: 1.0ms | Allocations: 308)
Completed 200 OK in 16ms (Views: 5.5ms | ActiveRecord: 0.9ms | Allocations: 7979)


Started GET "/signup" for ::1 at 2020-02-08 14:39:20 -0500
Processing by UsersController#new as HTML
  Rendering users/new.html.erb within layouts/application
  Rendered users/new.html.erb within layouts/application (Duration: 258.1ms | Allocations: 68141)
Completed 500 Internal Server Error in 265ms (ActiveRecord: 0.0ms | Allocations: 69320)


  
ActionView::Template::Error (undefined method `password_confirmation_field' for #<ActionView::Helpers::FormBuilder:0x000056033bba3300>
Did you mean?  password_field):
    4:   <% f.label :password %>
    5:   <%= f.password_field :password %>
    6:   <% f.label :password_confirmation %>
    7:   <%= f.password_confirmation_field :password_confirmation %>
    8:   <%= f.submit :submit %>
    9: <% end %>
  
app/views/users/new.html.erb:7
app/views/users/new.html.erb:1
Started GET "/signup" for ::1 at 2020-02-08 14:39:32 -0500
Processing by UsersController#new as HTML
  Rendering users/new.html.erb within layouts/application
  Rendered users/new.html.erb within layouts/application (Duration: 6.3ms | Allocations: 1016)
Completed 200 OK in 21ms (Views: 17.8ms | ActiveRecord: 0.0ms | Allocations: 4067)


Started GET "/signup" for ::1 at 2020-02-08 14:39:39 -0500
Processing by UsersController#new as HTML
  Rendering users/new.html.erb within layouts/application
  Rendered users/new.html.erb within layouts/application (Duration: 4.2ms | Allocations: 792)
Completed 200 OK in 13ms (Views: 11.2ms | ActiveRecord: 0.0ms | Allocations: 2786)


Started GET "/signup" for ::1 at 2020-02-08 14:40:03 -0500
Processing by UsersController#new as HTML
  Rendering users/new.html.erb within layouts/application
  Rendered users/new.html.erb within layouts/application (Duration: 7.2ms | Allocations: 1016)
Completed 200 OK in 25ms (Views: 22.2ms | ActiveRecord: 0.0ms | Allocations: 4070)


Started POST "/users" for ::1 at 2020-02-08 14:40:33 -0500
  [1m[35m (0.1ms)[0m  [1m[34mSELECT sqlite_version(*)[0m
Processing by UsersController#create as HTML
  Parameters: {"authenticity_token"=>"bMS1myV8qmAbPm5X9G2AmFVa7DuCV6oRuU71xGH/GcSUgYELMsTn3Ktu9UYV6uyorXqB1eXuyIviXPkjqgaMMw==", "user"=>{"username"=>"test2", "password"=>"[FILTERED]", "password_confirmation"=>"[FILTERED]"}, "commit"=>"submit"}
Completed 500 Internal Server Error in 1ms (ActiveRecord: 0.0ms | Allocations: 604)


  
RuntimeError (<ActionController::Parameters {"authenticity_token"=>"bMS1myV8qmAbPm5X9G2AmFVa7DuCV6oRuU71xGH/GcSUgYELMsTn3Ktu9UYV6uyorXqB1eXuyIviXPkjqgaMMw==", "user"=>{"username"=>"test2", "password"=>"pass", "password_confirmation"=>"pass"}, "commit"=>"submit", "controller"=>"users", "action"=>"create"} permitted: false>):
  
app/controllers/users_controller.rb:7:in `create'
Started GET "/users" for ::1 at 2020-02-08 14:41:41 -0500
  [1m[35m (0.2ms)[0m  [1m[34mSELECT sqlite_version(*)[0m
  
ActionController::RoutingError (No route matches [GET] "/users"):
  
actionpack (6.0.2.1) lib/action_dispatch/middleware/debug_exceptions.rb:36:in `call'
web-console (4.0.1) lib/web_console/middleware.rb:132:in `call_app'
web-console (4.0.1) lib/web_console/middleware.rb:28:in `block in call'
web-console (4.0.1) lib/web_console/middleware.rb:17:in `catch'
web-console (4.0.1) lib/web_console/middleware.rb:17:in `call'
actionpack (6.0.2.1) lib/action_dispatch/middleware/show_exceptions.rb:33:in `call'
railties (6.0.2.1) lib/rails/rack/logger.rb:38:in `call_app'
railties (6.0.2.1) lib/rails/rack/logger.rb:26:in `block in call'
activesupport (6.0.2.1) lib/active_support/tagged_logging.rb:80:in `block in tagged'
activesupport (6.0.2.1) lib/active_support/tagged_logging.rb:28:in `tagged'
activesupport (6.0.2.1) lib/active_support/tagged_logging.rb:80:in `tagged'
railties (6.0.2.1) lib/rails/rack/logger.rb:26:in `call'
sprockets-rails (3.2.1) lib/sprockets/rails/quiet_assets.rb:13:in `call'
actionpack (6.0.2.1) lib/action_dispatch/middleware/remote_ip.rb:81:in `call'
actionpack (6.0.2.1) lib/action_dispatch/middleware/request_id.rb:27:in `call'
rack (2.1.2) lib/rack/method_override.rb:24:in `call'
rack (2.1.2) lib/rack/runtime.rb:24:in `call'
activesupport (6.0.2.1) lib/active_support/cache/strategy/local_cache_middleware.rb:29:in `call'
actionpack (6.0.2.1) lib/action_dispatch/middleware/executor.rb:14:in `call'
actionpack (6.0.2.1) lib/action_dispatch/middleware/static.rb:126:in `call'
rack (2.1.2) lib/rack/sendfile.rb:113:in `call'
actionpack (6.0.2.1) lib/action_dispatch/middleware/host_authorization.rb:83:in `call'
railties (6.0.2.1) lib/rails/engine.rb:526:in `call'
puma (4.3.1) lib/puma/configuration.rb:228:in `call'
puma (4.3.1) lib/puma/server.rb:681:in `handle_request'
puma (4.3.1) lib/puma/server.rb:472:in `process_client'
puma (4.3.1) lib/puma/server.rb:328:in `block in run'
puma (4.3.1) lib/puma/thread_pool.rb:134:in `block in spawn_thread'
Started POST "/users" for ::1 at 2020-02-08 14:41:57 -0500
  [1m[35m (0.2ms)[0m  [1m[34mSELECT sqlite_version(*)[0m
Processing by UsersController#create as HTML
  Parameters: {"authenticity_token"=>"bMS1myV8qmAbPm5X9G2AmFVa7DuCV6oRuU71xGH/GcSUgYELMsTn3Ktu9UYV6uyorXqB1eXuyIviXPkjqgaMMw==", "user"=>{"username"=>"test2", "password"=>"[FILTERED]", "password_confirmation"=>"[FILTERED]"}, "commit"=>"submit"}
  [1m[35m (0.1ms)[0m  [1m[36mbegin transaction[0m
  ↳ app/controllers/users_controller.rb:7:in `create'
  [1m[36mUser Create (0.3ms)[0m  [1m[32mINSERT INTO "users" ("username", "password_digest", "created_at", "updated_at") VALUES (?, ?, ?, ?)[0m  [["username", "test2"], ["password_digest", "$2a$12$jMcWTDCTclqXQ2NdYhSYXuZDmmSywltTeHCO6/Wy.JJuLNl0FFL0e"], ["created_at", "2020-02-08 19:41:58.371902"], ["updated_at", "2020-02-08 19:41:58.371902"]]
  ↳ app/controllers/users_controller.rb:7:in `create'
  [1m[35m (10.4ms)[0m  [1m[36mcommit transaction[0m
  ↳ app/controllers/users_controller.rb:7:in `create'
Redirected to http://localhost:3000/
Completed 302 Found in 354ms (ActiveRecord: 11.6ms | Allocations: 8496)


Started GET "/" for ::1 at 2020-02-08 14:41:58 -0500
Processing by TopicsController#index as HTML
  Rendering topics/index.html.erb within layouts/application
  [1m[36mUser Load (0.2ms)[0m  [1m[34mSELECT "users".* FROM "users" WHERE "users"."id" = ? LIMIT ?[0m  [["id", 1], ["LIMIT", 1]]
  ↳ app/controllers/application_controller.rb:9:in `current_user'
  [1m[36mTopic Load (0.2ms)[0m  [1m[34mSELECT "topics".* FROM "topics"[0m
  ↳ app/views/topics/_topics_preview.html.erb:1
  [1m[36mGroup Load (0.2ms)[0m  [1m[34mSELECT "groups".* FROM "groups" WHERE "groups"."id" = ? LIMIT ?[0m  [["id", 1], ["LIMIT", 1]]
  ↳ app/views/topics/_topic_preview.html.erb:2
  [1m[36mCACHE User Load (0.0ms)[0m  [1m[34mSELECT "users".* FROM "users" WHERE "users"."id" = ? LIMIT ?[0m  [["id", 1], ["LIMIT", 1]]
  ↳ app/views/topics/_topic_preview.html.erb:6
  Rendered topics/_topic_preview.html.erb (Duration: 11.6ms | Allocations: 6366)
  Rendered topics/_topics_preview.html.erb (Duration: 20.7ms | Allocations: 11504)
  Rendered topics/index.html.erb within layouts/application (Duration: 23.5ms | Allocations: 12518)
Completed 200 OK in 31ms (Views: 25.3ms | ActiveRecord: 1.9ms | Allocations: 16208)


Started POST "/signout" for ::1 at 2020-02-08 14:42:02 -0500
Processing by SessionsController#destroy as HTML
  Parameters: {"authenticity_token"=>"u+NzfLarPgRDqgK5uaomYUnMu1pnrPXDEJhwthZ7s4ioMqBi/X0z7Yd7xkjFu33rBm4cdUE6cbK7AH4NiaXGCw=="}
Redirected to http://localhost:3000/
Completed 302 Found in 2ms (ActiveRecord: 0.0ms | Allocations: 318)


Started GET "/" for ::1 at 2020-02-08 14:42:02 -0500
Processing by TopicsController#index as HTML
  Rendering topics/index.html.erb within layouts/application
  [1m[36mTopic Load (0.3ms)[0m  [1m[34mSELECT "topics".* FROM "topics"[0m
  ↳ app/views/topics/_topics_preview.html.erb:1
  [1m[36mGroup Load (0.2ms)[0m  [1m[34mSELECT "groups".* FROM "groups" WHERE "groups"."id" = ? LIMIT ?[0m  [["id", 1], ["LIMIT", 1]]
  ↳ app/views/topics/_topic_preview.html.erb:2
  [1m[36mUser Load (0.3ms)[0m  [1m[34mSELECT "users".* FROM "users" WHERE "users"."id" = ? LIMIT ?[0m  [["id", 1], ["LIMIT", 1]]
  ↳ app/views/topics/_topic_preview.html.erb:6
  Rendered topics/_topic_preview.html.erb (Duration: 7.1ms | Allocations: 1522)
  Rendered topics/_topics_preview.html.erb (Duration: 9.9ms | Allocations: 2173)
  Rendered topics/index.html.erb within layouts/application (Duration: 10.3ms | Allocations: 2246)
Completed 200 OK in 18ms (Views: 15.0ms | ActiveRecord: 0.8ms | Allocations: 4100)


Started GET "/login" for ::1 at 2020-02-08 14:42:04 -0500
Processing by SessionsController#new as HTML
  Rendering sessions/new.html.erb within layouts/application
  Rendered sessions/new.html.erb within layouts/application (Duration: 3.8ms | Allocations: 2145)
Completed 200 OK in 16ms (Views: 12.9ms | ActiveRecord: 0.0ms | Allocations: 4565)


Started POST "/login" for ::1 at 2020-02-08 14:42:07 -0500
Processing by SessionsController#create as HTML
  Parameters: {"authenticity_token"=>"1MRAD5i4v28OU905ZMRns/PoJkA5dnnC7u96+qeGUj8MKrXHGRn6yMBPRq3T6yPQ/govDXVoy00ahwaBrymhcw==", "username"=>"test2", "password"=>"[FILTERED]", "commit"=>"sign in"}
  [1m[36mUser Load (0.6ms)[0m  [1m[34mSELECT "users".* FROM "users" WHERE "users"."username" = ? LIMIT ?[0m  [["username", "test2"], ["LIMIT", 1]]
  ↳ app/controllers/sessions_controller.rb:6:in `create'
Redirected to http://localhost:3000/
Completed 302 Found in 381ms (ActiveRecord: 0.6ms | Allocations: 957)


Started GET "/" for ::1 at 2020-02-08 14:42:08 -0500
Processing by TopicsController#index as HTML
  Rendering topics/index.html.erb within layouts/application
  [1m[36mUser Load (0.1ms)[0m  [1m[34mSELECT "users".* FROM "users" WHERE "users"."id" = ? LIMIT ?[0m  [["id", 2], ["LIMIT", 1]]
  ↳ app/controllers/application_controller.rb:9:in `current_user'
  [1m[36mTopic Load (0.1ms)[0m  [1m[34mSELECT "topics".* FROM "topics"[0m
  ↳ app/views/topics/_topics_preview.html.erb:1
  [1m[36mGroup Load (0.1ms)[0m  [1m[34mSELECT "groups".* FROM "groups" WHERE "groups"."id" = ? LIMIT ?[0m  [["id", 1], ["LIMIT", 1]]
  ↳ app/views/topics/_topic_preview.html.erb:2
  [1m[36mUser Load (0.1ms)[0m  [1m[34mSELECT "users".* FROM "users" WHERE "users"."id" = ? LIMIT ?[0m  [["id", 1], ["LIMIT", 1]]
  ↳ app/views/topics/_topic_preview.html.erb:6
  Rendered topics/_topic_preview.html.erb (Duration: 3.3ms | Allocations: 1529)
  Rendered topics/_topics_preview.html.erb (Duration: 4.6ms | Allocations: 2180)
  Rendered topics/index.html.erb within layouts/application (Duration: 5.9ms | Allocations: 2788)
Completed 200 OK in 9ms (Views: 8.3ms | ActiveRecord: 0.5ms | Allocations: 4775)


Started GET "/signup" for ::1 at 2020-02-08 14:42:19 -0500
Processing by UsersController#new as HTML
  Rendering users/new.html.erb within layouts/application
  Rendered users/new.html.erb within layouts/application (Duration: 4.0ms | Allocations: 845)
Completed 200 OK in 13ms (Views: 10.9ms | ActiveRecord: 0.0ms | Allocations: 2991)


Started POST "/users" for ::1 at 2020-02-08 14:42:24 -0500
Processing by UsersController#create as HTML
  Parameters: {"authenticity_token"=>"+fcG4LLcvPhokDa2GQkAcm3ajjiaU+r9N3Bq1E8WPCenOp5Qt1mvUB5FQwarmrjSYLRcEvmPhMg3XuHRoO/EqQ==", "user"=>{"username"=>"test3", "password"=>"[FILTERED]", "password_confirmation"=>"[FILTERED]"}, "commit"=>"submit"}
Redirected to http://localhost:3000/
Completed 302 Found in 390ms (ActiveRecord: 0.0ms | Allocations: 1402)


Started GET "/" for ::1 at 2020-02-08 14:42:24 -0500
Processing by TopicsController#index as HTML
  Rendering topics/index.html.erb within layouts/application
  [1m[36mUser Load (0.1ms)[0m  [1m[34mSELECT "users".* FROM "users" WHERE "users"."id" = ? LIMIT ?[0m  [["id", 2], ["LIMIT", 1]]
  ↳ app/controllers/application_controller.rb:9:in `current_user'
  [1m[36mTopic Load (0.1ms)[0m  [1m[34mSELECT "topics".* FROM "topics"[0m
  ↳ app/views/topics/_topics_preview.html.erb:1
  [1m[36mGroup Load (0.1ms)[0m  [1m[34mSELECT "groups".* FROM "groups" WHERE "groups"."id" = ? LIMIT ?[0m  [["id", 1], ["LIMIT", 1]]
  ↳ app/views/topics/_topic_preview.html.erb:2
  [1m[36mUser Load (0.1ms)[0m  [1m[34mSELECT "users".* FROM "users" WHERE "users"."id" = ? LIMIT ?[0m  [["id", 1], ["LIMIT", 1]]
  ↳ app/views/topics/_topic_preview.html.erb:6
  Rendered topics/_topic_preview.html.erb (Duration: 2.9ms | Allocations: 1521)
  Rendered topics/_topics_preview.html.erb (Duration: 4.0ms | Allocations: 2172)
  Rendered topics/index.html.erb within layouts/application (Duration: 5.3ms | Allocations: 2778)
Completed 200 OK in 9ms (Views: 7.2ms | ActiveRecord: 0.5ms | Allocations: 4762)


  [1m[35m (0.1ms)[0m  [1m[36mbegin transaction[0m
  [1m[36mUser Create (0.7ms)[0m  [1m[32mINSERT INTO "users" ("username", "password_digest", "created_at", "updated_at") VALUES (?, ?, ?, ?)[0m  [["username", "tetstt4"], ["password_digest", "$2a$12$NAxkTKDPnVViQegxFu4fpOzablqtyBvnavdTW8f8WY4Un54Z87kB2"], ["created_at", "2020-02-08 19:44:31.632260"], ["updated_at", "2020-02-08 19:44:31.632260"]]
  [1m[35m (12.0ms)[0m  [1m[36mcommit transaction[0m
Started POST "/signout" for ::1 at 2020-02-08 14:46:18 -0500
  [1m[35m (0.1ms)[0m  [1m[34mSELECT sqlite_version(*)[0m
Processing by SessionsController#destroy as HTML
  Parameters: {"authenticity_token"=>"WPdmY7LOdcwcrqoBlkDSQA/dRGeY+s1F1254vRJ/bThkLy2HYfBDzzSw9MMFNPmAUTAqVNLZoiRyvjn/yX2Pig=="}
Redirected to http://localhost:3000/
Completed 302 Found in 1ms (ActiveRecord: 0.0ms | Allocations: 325)


Started GET "/" for ::1 at 2020-02-08 14:46:18 -0500
Processing by TopicsController#index as HTML
  Rendering topics/index.html.erb within layouts/application
  [1m[36mTopic Load (0.2ms)[0m  [1m[34mSELECT "topics".* FROM "topics"[0m
  ↳ app/views/topics/_topics_preview.html.erb:1
  [1m[36mGroup Load (0.2ms)[0m  [1m[34mSELECT "groups".* FROM "groups" WHERE "groups"."id" = ? LIMIT ?[0m  [["id", 1], ["LIMIT", 1]]
  ↳ app/views/topics/_topic_preview.html.erb:2
  [1m[36mUser Load (0.2ms)[0m  [1m[34mSELECT "users".* FROM "users" WHERE "users"."id" = ? LIMIT ?[0m  [["id", 1], ["LIMIT", 1]]
  ↳ app/views/topics/_topic_preview.html.erb:6
  Rendered topics/_topic_preview.html.erb (Duration: 22.3ms | Allocations: 10568)
  Rendered topics/_topics_preview.html.erb (Duration: 47.1ms | Allocations: 15674)
  Rendered topics/index.html.erb within layouts/application (Duration: 47.4ms | Allocations: 15748)
Completed 200 OK in 54ms (Views: 47.8ms | ActiveRecord: 2.5ms | Allocations: 19014)


  [1m[36mUser Load (0.4ms)[0m  [1m[34mSELECT "users".* FROM "users"[0m
  [1m[35m (0.2ms)[0m  [1m[36mbegin transaction[0m
  [1m[36mUser Destroy (0.6ms)[0m  [1m[31mDELETE FROM "users" WHERE "users"."id" = ?[0m  [["id", 1]]
  [1m[35m (9.1ms)[0m  [1m[36mcommit transaction[0m
  [1m[35m (0.2ms)[0m  [1m[36mbegin transaction[0m
  [1m[36mUser Destroy (0.5ms)[0m  [1m[31mDELETE FROM "users" WHERE "users"."id" = ?[0m  [["id", 2]]
  [1m[35m (8.1ms)[0m  [1m[36mcommit transaction[0m
  [1m[35m (0.2ms)[0m  [1m[36mbegin transaction[0m
  [1m[36mUser Destroy (0.5ms)[0m  [1m[31mDELETE FROM "users" WHERE "users"."id" = ?[0m  [["id", 3]]
  [1m[35m (8.1ms)[0m  [1m[36mcommit transaction[0m
Started GET "/signup" for ::1 at 2020-02-08 14:46:36 -0500
Processing by UsersController#new as HTML
  Rendering users/new.html.erb within layouts/application
  Rendered users/new.html.erb within layouts/application (Duration: 4.0ms | Allocations: 846)
Completed 200 OK in 12ms (Views: 10.2ms | ActiveRecord: 0.0ms | Allocations: 2865)


Started POST "/users" for ::1 at 2020-02-08 14:46:41 -0500
Processing by UsersController#create as HTML
  Parameters: {"authenticity_token"=>"JyYK7c0nb/zX5kQ+cG334Sq5zPDXsKEEaHi+AaB45TdeZ9N4KtNTRali8Sco/Q2G2LYQNFD5qsKj/uV1BWHiCA==", "user"=>{"username"=>"test", "password"=>"[FILTERED]", "password_confirmation"=>"[FILTERED]"}, "commit"=>"submit"}
  [1m[35m (0.1ms)[0m  [1m[36mbegin transaction[0m
  ↳ app/controllers/users_controller.rb:9:in `create'
  [1m[36mUser Create (0.3ms)[0m  [1m[32mINSERT INTO "users" ("username", "password_digest", "created_at", "updated_at") VALUES (?, ?, ?, ?)[0m  [["username", "test"], ["password_digest", "$2a$12$yJ2xunatkvym4j2m9Inc5eC8T4MeDJkXYv3hgDY6TXrB3Exk1Ynka"], ["created_at", "2020-02-08 19:46:41.980304"], ["updated_at", "2020-02-08 19:46:41.980304"]]
  ↳ app/controllers/users_controller.rb:9:in `create'
  [1m[35m (9.0ms)[0m  [1m[36mcommit transaction[0m
  ↳ app/controllers/users_controller.rb:9:in `create'
Completed 500 Internal Server Error in 643ms (ActiveRecord: 9.4ms | Allocations: 88884)


  
NameError (undefined local variable or method `sessions' for #<UsersController:0x000056033b0c3b60>
Did you mean?  session):
  
app/controllers/users_controller.rb:10:in `create'
Started GET "/users" for ::1 at 2020-02-08 14:46:51 -0500
  [1m[35m (0.1ms)[0m  [1m[34mSELECT sqlite_version(*)[0m
  
ActionController::RoutingError (No route matches [GET] "/users"):
  
actionpack (6.0.2.1) lib/action_dispatch/middleware/debug_exceptions.rb:36:in `call'
web-console (4.0.1) lib/web_console/middleware.rb:132:in `call_app'
web-console (4.0.1) lib/web_console/middleware.rb:28:in `block in call'
web-console (4.0.1) lib/web_console/middleware.rb:17:in `catch'
web-console (4.0.1) lib/web_console/middleware.rb:17:in `call'
actionpack (6.0.2.1) lib/action_dispatch/middleware/show_exceptions.rb:33:in `call'
railties (6.0.2.1) lib/rails/rack/logger.rb:38:in `call_app'
railties (6.0.2.1) lib/rails/rack/logger.rb:26:in `block in call'
activesupport (6.0.2.1) lib/active_support/tagged_logging.rb:80:in `block in tagged'
activesupport (6.0.2.1) lib/active_support/tagged_logging.rb:28:in `tagged'
activesupport (6.0.2.1) lib/active_support/tagged_logging.rb:80:in `tagged'
railties (6.0.2.1) lib/rails/rack/logger.rb:26:in `call'
sprockets-rails (3.2.1) lib/sprockets/rails/quiet_assets.rb:13:in `call'
actionpack (6.0.2.1) lib/action_dispatch/middleware/remote_ip.rb:81:in `call'
actionpack (6.0.2.1) lib/action_dispatch/middleware/request_id.rb:27:in `call'
rack (2.1.2) lib/rack/method_override.rb:24:in `call'
rack (2.1.2) lib/rack/runtime.rb:24:in `call'
activesupport (6.0.2.1) lib/active_support/cache/strategy/local_cache_middleware.rb:29:in `call'
actionpack (6.0.2.1) lib/action_dispatch/middleware/executor.rb:14:in `call'
actionpack (6.0.2.1) lib/action_dispatch/middleware/static.rb:126:in `call'
rack (2.1.2) lib/rack/sendfile.rb:113:in `call'
actionpack (6.0.2.1) lib/action_dispatch/middleware/host_authorization.rb:83:in `call'
railties (6.0.2.1) lib/rails/engine.rb:526:in `call'
puma (4.3.1) lib/puma/configuration.rb:228:in `call'
puma (4.3.1) lib/puma/server.rb:681:in `handle_request'
puma (4.3.1) lib/puma/server.rb:472:in `process_client'
puma (4.3.1) lib/puma/server.rb:328:in `block in run'
puma (4.3.1) lib/puma/thread_pool.rb:134:in `block in spawn_thread'
Started POST "/users" for ::1 at 2020-02-08 14:46:58 -0500
Processing by UsersController#create as HTML
  Parameters: {"authenticity_token"=>"JyYK7c0nb/zX5kQ+cG334Sq5zPDXsKEEaHi+AaB45TdeZ9N4KtNTRali8Sco/Q2G2LYQNFD5qsKj/uV1BWHiCA==", "user"=>{"username"=>"test1", "password"=>"[FILTERED]", "password_confirmation"=>"[FILTERED]"}, "commit"=>"submit"}
  [1m[35m (0.1ms)[0m  [1m[36mbegin transaction[0m
  ↳ app/controllers/users_controller.rb:9:in `create'
  [1m[36mUser Create (0.3ms)[0m  [1m[32mINSERT INTO "users" ("username", "password_digest", "created_at", "updated_at") VALUES (?, ?, ?, ?)[0m  [["username", "test1"], ["password_digest", "$2a$12$/lCH78vXI7x3E.rvX5YO8excca7IOL53zbU2Dj5BBMK7WFbD.SVoW"], ["created_at", "2020-02-08 19:46:58.722856"], ["updated_at", "2020-02-08 19:46:58.722856"]]
  ↳ app/controllers/users_controller.rb:9:in `create'
  [1m[35m (8.4ms)[0m  [1m[36mcommit transaction[0m
  ↳ app/controllers/users_controller.rb:9:in `create'
Redirected to http://localhost:3000/
Completed 302 Found in 417ms (ActiveRecord: 10.9ms | Allocations: 8305)


Started GET "/" for ::1 at 2020-02-08 14:46:58 -0500
Processing by TopicsController#index as HTML
  Rendering topics/index.html.erb within layouts/application
  [1m[36mUser Load (0.2ms)[0m  [1m[34mSELECT "users".* FROM "users" WHERE "users"."id" = ? LIMIT ?[0m  [["id", 5], ["LIMIT", 1]]
  ↳ app/controllers/application_controller.rb:9:in `current_user'
  [1m[36mTopic Load (0.2ms)[0m  [1m[34mSELECT "topics".* FROM "topics"[0m
  ↳ app/views/topics/_topics_preview.html.erb:1
  [1m[36mGroup Load (0.2ms)[0m  [1m[34mSELECT "groups".* FROM "groups" WHERE "groups"."id" = ? LIMIT ?[0m  [["id", 1], ["LIMIT", 1]]
  ↳ app/views/topics/_topic_preview.html.erb:2
  [1m[36mUser Load (0.1ms)[0m  [1m[34mSELECT "users".* FROM "users" WHERE "users"."id" = ? LIMIT ?[0m  [["id", 1], ["LIMIT", 1]]
  ↳ app/views/topics/_topic_preview.html.erb:6
  Rendered topics/_topic_preview.html.erb (Duration: 12.3ms | Allocations: 7632)
  Rendered topics/_topics_preview.html.erb (Duration: 20.0ms | Allocations: 12501)
  Rendered topics/index.html.erb within layouts/application (Duration: 21.8ms | Allocations: 13241)
Completed 500 Internal Server Error in 26ms (ActiveRecord: 1.8ms | Allocations: 14938)


  
ActionView::Template::Error (undefined method `username' for nil:NilClass):
    3:   <p><%= preview(topic.content) %></p>
    4:   <footer>
    5:   <%= link_to topic.group.name, group_path(topic.group) %>
    6:   <%= link_to topic.user.username, user_path(topic.user) %>
    7:   </footer>
    8: </div>
  
app/views/topics/_topic_preview.html.erb:6
app/views/topics/_topics_preview.html.erb:2
app/views/topics/_topics_preview.html.erb:1
app/views/topics/index.html.erb:6
  [1m[36mTopic Load (0.4ms)[0m  [1m[34mSELECT "topics".* FROM "topics"[0m
  [1m[35m (0.2ms)[0m  [1m[36mbegin transaction[0m
  [1m[36mTopic Destroy (0.5ms)[0m  [1m[31mDELETE FROM "topics" WHERE "topics"."id" = ?[0m  [["id", 1]]
  [1m[35m (10.5ms)[0m  [1m[36mcommit transaction[0m
Started GET "/" for ::1 at 2020-02-08 14:47:31 -0500
Processing by TopicsController#index as HTML
  Rendering topics/index.html.erb within layouts/application
  [1m[36mUser Load (0.3ms)[0m  [1m[34mSELECT "users".* FROM "users" WHERE "users"."id" = ? LIMIT ?[0m  [["id", 5], ["LIMIT", 1]]
  ↳ app/controllers/application_controller.rb:9:in `current_user'
  [1m[36mTopic Load (0.2ms)[0m  [1m[34mSELECT "topics".* FROM "topics"[0m
  ↳ app/views/topics/_topics_preview.html.erb:1
  Rendered topics/_topics_preview.html.erb (Duration: 2.3ms | Allocations: 576)
  Rendered topics/index.html.erb within layouts/application (Duration: 5.8ms | Allocations: 1181)
Completed 200 OK in 15ms (Views: 12.6ms | ActiveRecord: 0.6ms | Allocations: 3165)


Started POST "/signout" for ::1 at 2020-02-08 14:47:34 -0500
Processing by SessionsController#destroy as HTML
  Parameters: {"authenticity_token"=>"f63WHEyPLA4m6z0gXzDwKf6dFtJO5PnWmLSDzlN4SuwNXZAaja1iEYZ3wcCrlxFLMo4hpXs855xWAc33+aIV+Q=="}
Redirected to http://localhost:3000/
Completed 302 Found in 3ms (ActiveRecord: 0.0ms | Allocations: 318)


Started GET "/" for ::1 at 2020-02-08 14:47:34 -0500
Processing by TopicsController#index as HTML
  Rendering topics/index.html.erb within layouts/application
  [1m[36mTopic Load (0.3ms)[0m  [1m[34mSELECT "topics".* FROM "topics"[0m
  ↳ app/views/topics/_topics_preview.html.erb:1
  Rendered topics/_topics_preview.html.erb (Duration: 2.6ms | Allocations: 576)
  Rendered topics/index.html.erb within layouts/application (Duration: 3.1ms | Allocations: 649)
Completed 200 OK in 10ms (Views: 8.2ms | ActiveRecord: 0.3ms | Allocations: 2501)


Started GET "/signup" for ::1 at 2020-02-08 14:47:35 -0500
Processing by UsersController#new as HTML
  Rendering users/new.html.erb within layouts/application
  Rendered users/new.html.erb within layouts/application (Duration: 5.8ms | Allocations: 845)
Completed 200 OK in 16ms (Views: 13.4ms | ActiveRecord: 0.0ms | Allocations: 2864)


Started POST "/users" for ::1 at 2020-02-08 14:47:40 -0500
Processing by UsersController#create as HTML
  Parameters: {"authenticity_token"=>"5iSjJziRo3zEbFde/uohmKqzYZL/IP3D1Oa3js/bYBRtD0+heC9bsQPixp04Cam/kyRQNU7h+f/zLbnIfwY45g==", "user"=>{"username"=>"test2", "password"=>"[FILTERED]", "password_confirmation"=>"[FILTERED]"}, "commit"=>"submit"}
  Rendering users/new.html.erb within layouts/application
  Rendered users/new.html.erb within layouts/application (Duration: 1.9ms | Allocations: 3111)
Completed 200 OK in 384ms (Views: 4.4ms | ActiveRecord: 0.0ms | Allocations: 5992)


Started GET "/" for ::1 at 2020-02-08 14:48:33 -0500
Processing by TopicsController#index as HTML
  Rendering topics/index.html.erb within layouts/application
  [1m[36mTopic Load (0.3ms)[0m  [1m[34mSELECT "topics".* FROM "topics"[0m
  ↳ app/views/topics/_topics_preview.html.erb:1
  Rendered topics/_topics_preview.html.erb (Duration: 3.7ms | Allocations: 576)
  Rendered topics/index.html.erb within layouts/application (Duration: 4.4ms | Allocations: 649)
Completed 200 OK in 14ms (Views: 11.4ms | ActiveRecord: 0.3ms | Allocations: 2503)


